03, 27, 2015 (21:19:25): Opening rpy file C:\Program Files (x86)\IBM\Rational\Rhapsody Modeler\7.5\Share\Properties\PredefinedTypes.sbs
03, 27, 2015 (21:19:25): 
 Started loading C:\Program Files (x86)\IBM\Rational\Rhapsody Modeler\7.5\Share\Properties\PredefinedTypes.sbs on Friday, March 27, 2015 (21:19:25).-

03, 27, 2015 (21:19:25): 

Starting inUnit resolution phase


03, 27, 2015 (21:19:25): 

Finished inUnit resolution phase


03, 27, 2015 (21:19:25): 
 Finished loading C:\Program Files (x86)\IBM\Rational\Rhapsody Modeler\7.5\Share\Properties\PredefinedTypes.sbs on Friday, March 27, 2015 (21:19:25).-

03, 27, 2015 (21:19:25): Opening rpy file C:\Program Files (x86)\IBM\Rational\Rhapsody Modeler\7.5\Share\Properties\PredefinedTypesC++.sbs
03, 27, 2015 (21:19:25): 
 Started loading C:\Program Files (x86)\IBM\Rational\Rhapsody Modeler\7.5\Share\Properties\PredefinedTypesC++.sbs on Friday, March 27, 2015 (21:19:25).-

03, 27, 2015 (21:19:25): 

Starting inUnit resolution phase


03, 27, 2015 (21:19:25): 

Finished inUnit resolution phase


03, 27, 2015 (21:19:25): 
 Finished loading C:\Program Files (x86)\IBM\Rational\Rhapsody Modeler\7.5\Share\Properties\PredefinedTypesC++.sbs on Friday, March 27, 2015 (21:19:25).-

03, 27, 2015 (21:19:25): Opening rpy file U:\Barco-master\Projeto_ES670.rpy
03, 27, 2015 (21:19:25): 
 Started loading U:\Barco-master\Projeto_ES670.rpy on Friday, March 27, 2015 (21:19:25).-

03, 27, 2015 (21:19:25): Opening rpy file U:\Barco-master\Projeto_ES670_rpy\_Projeto_Pratico.sbs
03, 27, 2015 (21:19:25): 
 Started loading U:\Barco-master\Projeto_ES670_rpy\_Projeto_Pratico.sbs on Friday, March 27, 2015 (21:19:25).-

03, 27, 2015 (21:19:25): 

Starting inUnit resolution phase


03, 27, 2015 (21:19:25): 

Finished inUnit resolution phase


03, 27, 2015 (21:19:25): 
 Finished loading U:\Barco-master\Projeto_ES670_rpy\_Projeto_Pratico.sbs on Friday, March 27, 2015 (21:19:25).-

03, 27, 2015 (21:19:25): Opening rpy file U:\Barco-master\Projeto_ES670_rpy\_Requisitos.sbs
03, 27, 2015 (21:19:25): 
 Started loading U:\Barco-master\Projeto_ES670_rpy\_Requisitos.sbs on Friday, March 27, 2015 (21:19:25).-

03, 27, 2015 (21:19:25): 

Starting inUnit resolution phase


03, 27, 2015 (21:19:25): 

Finished inUnit resolution phase


03, 27, 2015 (21:19:25): 
 Finished loading U:\Barco-master\Projeto_ES670_rpy\_Requisitos.sbs on Friday, March 27, 2015 (21:19:25).-

03, 27, 2015 (21:19:25): Opening rpy file U:\Barco-master\Projeto_ES670_rpy\Util.sbs
03, 27, 2015 (21:19:25): 
 Started loading U:\Barco-master\Projeto_ES670_rpy\Util.sbs on Friday, March 27, 2015 (21:19:25).-

03, 27, 2015 (21:19:25): 

Starting inUnit resolution phase


03, 27, 2015 (21:19:25): 

Finished inUnit resolution phase


03, 27, 2015 (21:19:25): 
 Finished loading U:\Barco-master\Projeto_ES670_rpy\Util.sbs on Friday, March 27, 2015 (21:19:25).-

03, 27, 2015 (21:19:25): Opening rpy file U:\Barco-master\Projeto_ES670_rpy\McLab2.sbs
03, 27, 2015 (21:19:25): 
 Started loading U:\Barco-master\Projeto_ES670_rpy\McLab2.sbs on Friday, March 27, 2015 (21:19:25).-

03, 27, 2015 (21:19:25): 

Starting inUnit resolution phase


03, 27, 2015 (21:19:25): 

Finished inUnit resolution phase


03, 27, 2015 (21:19:25): 
 Finished loading U:\Barco-master\Projeto_ES670_rpy\McLab2.sbs on Friday, March 27, 2015 (21:19:25).-

03, 27, 2015 (21:19:25): Opening rpy file U:\Barco-master\Projeto_ES670_rpy\LedSwi.sbs
03, 27, 2015 (21:19:26): 
 Started loading U:\Barco-master\Projeto_ES670_rpy\LedSwi.sbs on Friday, March 27, 2015 (21:19:26).-

03, 27, 2015 (21:19:26): 

Starting inUnit resolution phase


03, 27, 2015 (21:19:26): 

Finished inUnit resolution phase


03, 27, 2015 (21:19:26): 
 Finished loading U:\Barco-master\Projeto_ES670_rpy\LedSwi.sbs on Friday, March 27, 2015 (21:19:26).-

03, 27, 2015 (21:19:26): Opening rpy file U:\Barco-master\Projeto_ES670_rpy\Main.sbs
03, 27, 2015 (21:19:26): 
 Started loading U:\Barco-master\Projeto_ES670_rpy\Main.sbs on Friday, March 27, 2015 (21:19:26).-

03, 27, 2015 (21:19:26): 

Starting inUnit resolution phase


03, 27, 2015 (21:19:26): 

Finished inUnit resolution phase


03, 27, 2015 (21:19:26): 
 Finished loading U:\Barco-master\Projeto_ES670_rpy\Main.sbs on Friday, March 27, 2015 (21:19:26).-

03, 27, 2015 (21:19:26): Opening rpy file U:\Barco-master\Projeto_ES670_rpy\MCLAB2.cmp
03, 27, 2015 (21:19:26): 
 Started loading U:\Barco-master\Projeto_ES670_rpy\MCLAB2.cmp on Friday, March 27, 2015 (21:19:26).-

03, 27, 2015 (21:19:26): 

Starting inUnit resolution phase


03, 27, 2015 (21:19:26): 

Finished inUnit resolution phase


03, 27, 2015 (21:19:26): 
 Finished loading U:\Barco-master\Projeto_ES670_rpy\MCLAB2.cmp on Friday, March 27, 2015 (21:19:26).-

03, 27, 2015 (21:19:26): 

Starting inUnit resolution phase


03, 27, 2015 (21:19:26): 

Finished inUnit resolution phase


03, 27, 2015 (21:19:26): 

Starting inUnit resolution phase


03, 27, 2015 (21:19:26): 

Finished inUnit resolution phase


03, 27, 2015 (21:19:26): 

Starting inUnit resolution phase


03, 27, 2015 (21:19:26): 

Finished inUnit resolution phase


03, 27, 2015 (21:19:26): 
 Finished loading U:\Barco-master\Projeto_ES670.rpy on Friday, March 27, 2015 (21:19:26).-

03, 27, 2015 (21:19:26): Starting checks of EventsBaseID conflicts
03, 27, 2015 (21:19:26): Finished checks of EventsBaseID conflicts
03, 27, 2015 (21:19:26): End Log
