03, 20, 2015 (22:48:22): Starting Pre-Save actions

03, 20, 2015 (22:48:22): Starting Dialogs Check/Save
03, 20, 2015 (22:48:22): Finished Dialogs Check/Save
03, 20, 2015 (22:48:22): Starting Controlled Files Resolution
03, 20, 2015 (22:48:22): Finished Controlled Files Resolution
03, 20, 2015 (22:48:22): Finished Pre-Save actions

03, 20, 2015 (22:48:22): Creating U:\Barco\Projeto_ES670.rpy
03, 20, 2015 (22:48:22): 
Started writing U:\Barco\Projeto_ES670.rpy on Friday, March 20, 2015 (22:48:22)

03, 20, 2015 (22:48:23): version 8.5.2
03, 20, 2015 (22:48:23): 
Started writing U:\Barco\Projeto_ES670_rpy\filesTable.dat on Friday, March 20, 2015 (22:48:23)

03, 20, 2015 (22:48:23): Finished writing U:\Barco\Projeto_ES670_rpy\filesTable.dat on Friday, March 20, 2015 (22:48:23)

03, 20, 2015 (22:48:23): Creating U:\Barco\Projeto_ES670_rpy\_Projeto_Pratico.sbs
03, 20, 2015 (22:48:23): 
Started writing U:\Barco\Projeto_ES670_rpy\_Projeto_Pratico.sbs on Friday, March 20, 2015 (22:48:23)

03, 20, 2015 (22:48:23): version 8.5.2
03, 20, 2015 (22:48:23): Finished writing U:\Barco\Projeto_ES670_rpy\_Projeto_Pratico.sbs on Friday, March 20, 2015 (22:48:23)

03, 20, 2015 (22:48:23): Creating U:\Barco\Projeto_ES670_rpy\Main.sbs
03, 20, 2015 (22:48:23): 
Started writing U:\Barco\Projeto_ES670_rpy\Main.sbs on Friday, March 20, 2015 (22:48:23)

03, 20, 2015 (22:48:23): version 8.5.2
03, 20, 2015 (22:48:23): Finished writing U:\Barco\Projeto_ES670_rpy\Main.sbs on Friday, March 20, 2015 (22:48:23)

03, 20, 2015 (22:48:23): Finished writing U:\Barco\Projeto_ES670.rpy on Friday, March 20, 2015 (22:48:23)

03, 20, 2015 (22:48:23): End Log
